<?xml version="1.0" encoding="UTF-8"?>
<!-- Generated by org.testng.reporters.JUnitReportReporter -->
<testsuite hostname="ADMIN-PC" name="com.mavenTraining.OurTestNGTest" tests="1" failures="0" timestamp="19 Feb 2018 13:43:33 GMT" time="13.966" errors="0">
  <testcase name="testexe" time="13.966" classname="com.mavenTraining.OurTestNGTest"/>
</testsuite> <!-- com.mavenTraining.OurTestNGTest -->
